<?xml version="1.0" encoding="UTF-8"?>
<!-- Generated by org.testng.reporters.JUnitXMLReporter -->
<testsuite ignored="0" hostname="CAPTAINS-LAPPY" failures="0" tests="4" name="Default test" time="11.887" errors="0" timestamp="2022-01-11T17:50:00 EST">
  <testcase classname="com.amazon.qa.tests.LinkPageTest" name="@BeforeMethod setUP" time="11.742">
    <failure type="java.lang.ClassCastException" message="class com.amazon.qa.utilities.WebEventListner cannot be cast to class org.openqa.selenium.support.events.WebDriverEventListener (com.amazon.qa.utilities.WebEventListner and org.openqa.selenium.support.events.WebDriverEventListener are in unnamed module of loader &amp;apos;app&amp;apos;)">
      <![CDATA[java.lang.ClassCastException: class com.amazon.qa.utilities.WebEventListner cannot be cast to class org.openqa.selenium.support.events.WebDriverEventListener (com.amazon.qa.utilities.WebEventListner and org.openqa.selenium.support.events.WebDriverEventListener are in unnamed module of loader 'app')
at com.amazon.qa.base.TestBase.initialization(TestBase.java:45)
at com.amazon.qa.tests.LinkPageTest.setUP(LinkPageTest.java:28)
at java.base/jdk.internal.reflect.NativeMethodAccessorImpl.invoke0(Native Method)
at java.base/jdk.internal.reflect.NativeMethodAccessorImpl.invoke(NativeMethodAccessorImpl.java:64)
at java.base/jdk.internal.reflect.DelegatingMethodAccessorImpl.invoke(DelegatingMethodAccessorImpl.java:43)
at java.base/java.lang.reflect.Method.invoke(Method.java:564)
at org.testng.internal.MethodInvocationHelper.invokeMethod(MethodInvocationHelper.java:133)
at org.testng.internal.MethodInvocationHelper.invokeMethodConsideringTimeout(MethodInvocationHelper.java:62)
at org.testng.internal.ConfigInvoker.invokeConfigurationMethod(ConfigInvoker.java:385)
at org.testng.internal.ConfigInvoker.invokeConfigurations(ConfigInvoker.java:321)
at org.testng.internal.TestInvoker.runConfigMethods(TestInvoker.java:700)
at org.testng.internal.TestInvoker.invokeMethod(TestInvoker.java:527)
at org.testng.internal.TestInvoker.invokeTestMethod(TestInvoker.java:173)
at org.testng.internal.MethodRunner.runInSequence(MethodRunner.java:46)
at org.testng.internal.TestInvoker$MethodInvocationAgent.invoke(TestInvoker.java:824)
at org.testng.internal.TestInvoker.invokeTestMethods(TestInvoker.java:146)
at org.testng.internal.TestMethodWorker.invokeTestMethods(TestMethodWorker.java:146)
at org.testng.internal.TestMethodWorker.run(TestMethodWorker.java:128)
at java.base/java.util.ArrayList.forEach(ArrayList.java:1511)
at org.testng.TestRunner.privateRun(TestRunner.java:794)
at org.testng.TestRunner.run(TestRunner.java:596)
at org.testng.SuiteRunner.runTest(SuiteRunner.java:377)
at org.testng.SuiteRunner.runSequentially(SuiteRunner.java:371)
at org.testng.SuiteRunner.privateRun(SuiteRunner.java:332)
at org.testng.SuiteRunner.run(SuiteRunner.java:276)
at org.testng.SuiteRunnerWorker.runSuite(SuiteRunnerWorker.java:53)
at org.testng.SuiteRunnerWorker.run(SuiteRunnerWorker.java:96)
at org.testng.TestNG.runSuitesSequentially(TestNG.java:1212)
at org.testng.TestNG.runSuitesLocally(TestNG.java:1134)
at org.testng.TestNG.runSuites(TestNG.java:1063)
at org.testng.TestNG.run(TestNG.java:1031)
at org.testng.remote.AbstractRemoteTestNG.run(AbstractRemoteTestNG.java:115)
at org.testng.remote.RemoteTestNG.initAndRun(RemoteTestNG.java:251)
at org.testng.remote.RemoteTestNG.main(RemoteTestNG.java:77)
]]>
    </failure>
  </testcase> <!-- @BeforeMethod setUP -->
  <testcase classname="com.amazon.qa.tests.LinkPageTest" name="@AfterMethod tearDown" time="-1.641941400117E9">
    <skipped/>
  </testcase> <!-- @AfterMethod tearDown -->
  <testcase classname="com.amazon.qa.tests.LinkPageTest" name="@BeforeMethod setUP" time="-1.641941400126E9">
    <skipped/>
  </testcase> <!-- @BeforeMethod setUP -->
  <testcase classname="com.amazon.qa.tests.LinkPageTest" name="@AfterMethod tearDown" time="-1.641941400137E9">
    <skipped/>
  </testcase> <!-- @AfterMethod tearDown -->
  <testcase classname="com.amazon.qa.tests.LinkPageTest" name="@BeforeMethod setUP" time="-1.641941400141E9">
    <skipped/>
  </testcase> <!-- @BeforeMethod setUP -->
  <testcase classname="com.amazon.qa.tests.LinkPageTest" name="@AfterMethod tearDown" time="-1.641941400152E9">
    <skipped/>
  </testcase> <!-- @AfterMethod tearDown -->
  <testcase classname="com.amazon.qa.tests.LinkPageTest" name="@BeforeMethod setUP" time="-1.641941400158E9">
    <skipped/>
  </testcase> <!-- @BeforeMethod setUP -->
  <testcase classname="com.amazon.qa.tests.LinkPageTest" name="@AfterMethod tearDown" time="-1.641941400177E9">
    <skipped/>
  </testcase> <!-- @AfterMethod tearDown -->
  <testcase classname="com.amazon.qa.tests.LinkPageTest" name="afterLoginTitle" time="0.0">
    <skipped/>
  </testcase> <!-- afterLoginTitle -->
  <testcase classname="com.amazon.qa.tests.LinkPageTest" name="verifyUsername" time="0.0">
    <skipped/>
  </testcase> <!-- verifyUsername -->
  <testcase classname="com.amazon.qa.tests.LinkPageTest" name="clickOnAcc" time="0.0">
    <skipped/>
  </testcase> <!-- clickOnAcc -->
  <testcase classname="com.amazon.qa.tests.LinkPageTest" name="enterName" time="0.0">
    <skipped/>
  </testcase> <!-- enterName -->
</testsuite> <!-- Default test -->
